[2023-11-11T02:16:41.232+0000] {taskinstance.py:1083} INFO - Dependencies all met for <TaskInstance: early_sepsis_prediction.feature_engineering manual__2023-11-11T02:14:49.878230+00:00 [queued]>
[2023-11-11T02:16:41.242+0000] {taskinstance.py:1083} INFO - Dependencies all met for <TaskInstance: early_sepsis_prediction.feature_engineering manual__2023-11-11T02:14:49.878230+00:00 [queued]>
[2023-11-11T02:16:41.243+0000] {taskinstance.py:1279} INFO - 
--------------------------------------------------------------------------------
[2023-11-11T02:16:41.243+0000] {taskinstance.py:1280} INFO - Starting attempt 1 of 1
[2023-11-11T02:16:41.244+0000] {taskinstance.py:1281} INFO - 
--------------------------------------------------------------------------------
[2023-11-11T02:16:41.256+0000] {taskinstance.py:1300} INFO - Executing <Task(PythonOperator): feature_engineering> on 2023-11-11 02:14:49.878230+00:00
[2023-11-11T02:16:41.266+0000] {standard_task_runner.py:55} INFO - Started process 4404 to run task
[2023-11-11T02:16:41.271+0000] {standard_task_runner.py:82} INFO - Running: ['***', 'tasks', 'run', 'early_sepsis_prediction', 'feature_engineering', 'manual__2023-11-11T02:14:49.878230+00:00', '--job-id', '327', '--raw', '--subdir', 'DAGS_FOLDER/***.py', '--cfg-path', '/tmp/tmpo9j9fl9l']
[2023-11-11T02:16:41.275+0000] {standard_task_runner.py:83} INFO - Job 327: Subtask feature_engineering
[2023-11-11T02:16:41.359+0000] {task_command.py:388} INFO - Running <TaskInstance: early_sepsis_prediction.feature_engineering manual__2023-11-11T02:14:49.878230+00:00 [running]> on host 2f30e812c633
[2023-11-11T02:16:41.454+0000] {taskinstance.py:1509} INFO - Exporting the following env vars:
AIRFLOW_CTX_DAG_OWNER=Pavs
AIRFLOW_CTX_DAG_ID=early_sepsis_prediction
AIRFLOW_CTX_TASK_ID=feature_engineering
AIRFLOW_CTX_EXECUTION_DATE=2023-11-11T02:14:49.878230+00:00
AIRFLOW_CTX_TRY_NUMBER=1
AIRFLOW_CTX_DAG_RUN_ID=manual__2023-11-11T02:14:49.878230+00:00
[2023-11-11T02:16:50.020+0000] {python.py:177} INFO - Done. Returned value was: None
[2023-11-11T02:16:50.034+0000] {taskinstance.py:1323} INFO - Marking task as SUCCESS. dag_id=early_sepsis_prediction, task_id=feature_engineering, execution_date=20231111T021449, start_date=20231111T021641, end_date=20231111T021650
[2023-11-11T02:16:50.139+0000] {local_task_job.py:208} INFO - Task exited with return code 0
[2023-11-11T02:16:50.166+0000] {taskinstance.py:2578} INFO - 2 downstream tasks scheduled from follow-on schedule check
