[2023-11-11T03:00:29.344+0000] {taskinstance.py:1083} INFO - Dependencies all met for <TaskInstance: early_sepsis_prediction.feature_engineering manual__2023-11-11T02:58:45.072542+00:00 [queued]>
[2023-11-11T03:00:29.356+0000] {taskinstance.py:1083} INFO - Dependencies all met for <TaskInstance: early_sepsis_prediction.feature_engineering manual__2023-11-11T02:58:45.072542+00:00 [queued]>
[2023-11-11T03:00:29.356+0000] {taskinstance.py:1279} INFO - 
--------------------------------------------------------------------------------
[2023-11-11T03:00:29.357+0000] {taskinstance.py:1280} INFO - Starting attempt 1 of 1
[2023-11-11T03:00:29.358+0000] {taskinstance.py:1281} INFO - 
--------------------------------------------------------------------------------
[2023-11-11T03:00:29.369+0000] {taskinstance.py:1300} INFO - Executing <Task(PythonOperator): feature_engineering> on 2023-11-11 02:58:45.072542+00:00
[2023-11-11T03:00:29.377+0000] {standard_task_runner.py:55} INFO - Started process 6995 to run task
[2023-11-11T03:00:29.382+0000] {standard_task_runner.py:82} INFO - Running: ['***', 'tasks', 'run', 'early_sepsis_prediction', 'feature_engineering', 'manual__2023-11-11T02:58:45.072542+00:00', '--job-id', '335', '--raw', '--subdir', 'DAGS_FOLDER/***.py', '--cfg-path', '/tmp/tmptm9a3ab4']
[2023-11-11T03:00:29.386+0000] {standard_task_runner.py:83} INFO - Job 335: Subtask feature_engineering
[2023-11-11T03:00:29.464+0000] {task_command.py:388} INFO - Running <TaskInstance: early_sepsis_prediction.feature_engineering manual__2023-11-11T02:58:45.072542+00:00 [running]> on host 2f30e812c633
[2023-11-11T03:00:29.537+0000] {taskinstance.py:1509} INFO - Exporting the following env vars:
AIRFLOW_CTX_DAG_OWNER=Pavs
AIRFLOW_CTX_DAG_ID=early_sepsis_prediction
AIRFLOW_CTX_TASK_ID=feature_engineering
AIRFLOW_CTX_EXECUTION_DATE=2023-11-11T02:58:45.072542+00:00
AIRFLOW_CTX_TRY_NUMBER=1
AIRFLOW_CTX_DAG_RUN_ID=manual__2023-11-11T02:58:45.072542+00:00
[2023-11-11T03:00:39.241+0000] {python.py:177} INFO - Done. Returned value was: None
[2023-11-11T03:00:39.344+0000] {taskinstance.py:1323} INFO - Marking task as SUCCESS. dag_id=early_sepsis_prediction, task_id=feature_engineering, execution_date=20231111T025845, start_date=20231111T030029, end_date=20231111T030039
[2023-11-11T03:00:39.686+0000] {local_task_job.py:208} INFO - Task exited with return code 0
[2023-11-11T03:00:39.752+0000] {taskinstance.py:2578} INFO - 2 downstream tasks scheduled from follow-on schedule check
