[2023-11-07T21:35:45.796+0000] {taskinstance.py:1083} INFO - Dependencies all met for <TaskInstance: your_python_dag.build_save_model_task manual__2023-11-07T21:35:39.676626+00:00 [queued]>
[2023-11-07T21:35:45.805+0000] {taskinstance.py:1083} INFO - Dependencies all met for <TaskInstance: your_python_dag.build_save_model_task manual__2023-11-07T21:35:39.676626+00:00 [queued]>
[2023-11-07T21:35:45.805+0000] {taskinstance.py:1279} INFO - 
--------------------------------------------------------------------------------
[2023-11-07T21:35:45.806+0000] {taskinstance.py:1280} INFO - Starting attempt 1 of 1
[2023-11-07T21:35:45.806+0000] {taskinstance.py:1281} INFO - 
--------------------------------------------------------------------------------
[2023-11-07T21:35:45.817+0000] {taskinstance.py:1300} INFO - Executing <Task(PythonOperator): build_save_model_task> on 2023-11-07 21:35:39.676626+00:00
[2023-11-07T21:35:45.824+0000] {standard_task_runner.py:55} INFO - Started process 198 to run task
[2023-11-07T21:35:45.828+0000] {standard_task_runner.py:82} INFO - Running: ['***', 'tasks', 'run', 'your_python_dag', 'build_save_model_task', 'manual__2023-11-07T21:35:39.676626+00:00', '--job-id', '5', '--raw', '--subdir', 'DAGS_FOLDER/***.py', '--cfg-path', '/tmp/tmpwg117zko']
[2023-11-07T21:35:45.831+0000] {standard_task_runner.py:83} INFO - Job 5: Subtask build_save_model_task
[2023-11-07T21:35:45.902+0000] {task_command.py:388} INFO - Running <TaskInstance: your_python_dag.build_save_model_task manual__2023-11-07T21:35:39.676626+00:00 [running]> on host 39768a2b14fe
[2023-11-07T21:35:46.027+0000] {taskinstance.py:1509} INFO - Exporting the following env vars:
AIRFLOW_CTX_DAG_OWNER=your_name
AIRFLOW_CTX_DAG_ID=your_python_dag
AIRFLOW_CTX_TASK_ID=build_save_model_task
AIRFLOW_CTX_EXECUTION_DATE=2023-11-07T21:35:39.676626+00:00
AIRFLOW_CTX_TRY_NUMBER=1
AIRFLOW_CTX_DAG_RUN_ID=manual__2023-11-07T21:35:39.676626+00:00
[2023-11-07T21:36:42.645+0000] {python.py:177} INFO - Done. Returned value was: [250.32804209291442, 128.89457877623198, 91.64833975738131, 72.46921532440922, 59.86140695977858, 52.062042375091046, 46.711186548043045, 41.50326475167139, 36.928237093919705, 33.986075968719646, 31.15817166791375, 28.84548003205871, 26.87443229611131, 25.99951236994565, 24.185078072393786, 22.71395006172975, 21.640087323981106, 20.780304808225498, 19.976783465801404, 19.438669340270884, 19.06639931435458, 18.44685388460457, 17.947211161985987, 16.898807424877255, 16.963181977976244, 16.582840757316486, 15.83565154409153, 15.775551490572017, 15.385507317533229, 15.020243180409238, 14.882873240965257, 14.607686984302415, 14.306186090616883, 13.891614733454835, 13.805485778871224, 13.361866184299302, 13.367890857521076, 13.073601934790837, 12.981196891357627, 13.02857839810031, 12.867008418864005, 12.61729794404631, 12.382973425034518, 12.112634671228024, 11.836539142218314, 11.57738592066553, 11.128836068114506, 11.062804545149202, 11.15817494025209]
[2023-11-07T21:36:42.713+0000] {taskinstance.py:1323} INFO - Marking task as SUCCESS. dag_id=your_python_dag, task_id=build_save_model_task, execution_date=20231107T213539, start_date=20231107T213545, end_date=20231107T213642
[2023-11-07T21:36:42.806+0000] {local_task_job.py:208} INFO - Task exited with return code 0
[2023-11-07T21:36:42.847+0000] {taskinstance.py:2578} INFO - 1 downstream tasks scheduled from follow-on schedule check
