[2023-11-11T02:16:51.869+0000] {taskinstance.py:1083} INFO - Dependencies all met for <TaskInstance: early_sepsis_prediction.preprocess_zero_imput_norm manual__2023-11-11T02:14:49.878230+00:00 [queued]>
[2023-11-11T02:16:51.881+0000] {taskinstance.py:1083} INFO - Dependencies all met for <TaskInstance: early_sepsis_prediction.preprocess_zero_imput_norm manual__2023-11-11T02:14:49.878230+00:00 [queued]>
[2023-11-11T02:16:51.882+0000] {taskinstance.py:1279} INFO - 
--------------------------------------------------------------------------------
[2023-11-11T02:16:51.882+0000] {taskinstance.py:1280} INFO - Starting attempt 1 of 1
[2023-11-11T02:16:51.883+0000] {taskinstance.py:1281} INFO - 
--------------------------------------------------------------------------------
[2023-11-11T02:16:51.908+0000] {taskinstance.py:1300} INFO - Executing <Task(PythonOperator): preprocess_zero_imput_norm> on 2023-11-11 02:14:49.878230+00:00
[2023-11-11T02:16:51.916+0000] {standard_task_runner.py:55} INFO - Started process 4421 to run task
[2023-11-11T02:16:51.935+0000] {standard_task_runner.py:82} INFO - Running: ['***', 'tasks', 'run', 'early_sepsis_prediction', 'preprocess_zero_imput_norm', 'manual__2023-11-11T02:14:49.878230+00:00', '--job-id', '329', '--raw', '--subdir', 'DAGS_FOLDER/***.py', '--cfg-path', '/tmp/tmpdhib2hzk']
[2023-11-11T02:16:51.941+0000] {standard_task_runner.py:83} INFO - Job 329: Subtask preprocess_zero_imput_norm
[2023-11-11T02:16:52.036+0000] {task_command.py:388} INFO - Running <TaskInstance: early_sepsis_prediction.preprocess_zero_imput_norm manual__2023-11-11T02:14:49.878230+00:00 [running]> on host 2f30e812c633
[2023-11-11T02:16:52.132+0000] {taskinstance.py:1509} INFO - Exporting the following env vars:
AIRFLOW_CTX_DAG_OWNER=Pavs
AIRFLOW_CTX_DAG_ID=early_sepsis_prediction
AIRFLOW_CTX_TASK_ID=preprocess_zero_imput_norm
AIRFLOW_CTX_EXECUTION_DATE=2023-11-11T02:14:49.878230+00:00
AIRFLOW_CTX_TRY_NUMBER=1
AIRFLOW_CTX_DAG_RUN_ID=manual__2023-11-11T02:14:49.878230+00:00
[2023-11-11T02:17:45.667+0000] {python.py:177} INFO - Done. Returned value was: None
[2023-11-11T02:17:45.707+0000] {taskinstance.py:1323} INFO - Marking task as SUCCESS. dag_id=early_sepsis_prediction, task_id=preprocess_zero_imput_norm, execution_date=20231111T021449, start_date=20231111T021651, end_date=20231111T021745
[2023-11-11T02:17:45.858+0000] {local_task_job.py:208} INFO - Task exited with return code 0
[2023-11-11T02:17:45.896+0000] {taskinstance.py:2578} INFO - 0 downstream tasks scheduled from follow-on schedule check
