[2023-11-09T23:21:40.355+0000] {taskinstance.py:1083} INFO - Dependencies all met for <TaskInstance: early_sepsis_prediction.preprocess_mean_input_norm manual__2023-11-09T23:21:33.935612+00:00 [queued]>
[2023-11-09T23:21:40.369+0000] {taskinstance.py:1083} INFO - Dependencies all met for <TaskInstance: early_sepsis_prediction.preprocess_mean_input_norm manual__2023-11-09T23:21:33.935612+00:00 [queued]>
[2023-11-09T23:21:40.371+0000] {taskinstance.py:1279} INFO - 
--------------------------------------------------------------------------------
[2023-11-09T23:21:40.372+0000] {taskinstance.py:1280} INFO - Starting attempt 1 of 1
[2023-11-09T23:21:40.373+0000] {taskinstance.py:1281} INFO - 
--------------------------------------------------------------------------------
[2023-11-09T23:21:40.398+0000] {taskinstance.py:1300} INFO - Executing <Task(PythonOperator): preprocess_mean_input_norm> on 2023-11-09 23:21:33.935612+00:00
[2023-11-09T23:21:40.410+0000] {standard_task_runner.py:55} INFO - Started process 7178 to run task
[2023-11-09T23:21:40.423+0000] {standard_task_runner.py:82} INFO - Running: ['***', 'tasks', 'run', 'early_sepsis_prediction', 'preprocess_mean_input_norm', 'manual__2023-11-09T23:21:33.935612+00:00', '--job-id', '294', '--raw', '--subdir', 'DAGS_FOLDER/***.py', '--cfg-path', '/tmp/tmp85eozes8']
[2023-11-09T23:21:40.431+0000] {standard_task_runner.py:83} INFO - Job 294: Subtask preprocess_mean_input_norm
[2023-11-09T23:21:40.596+0000] {task_command.py:388} INFO - Running <TaskInstance: early_sepsis_prediction.preprocess_mean_input_norm manual__2023-11-09T23:21:33.935612+00:00 [running]> on host 911414a99fc3
[2023-11-09T23:21:40.741+0000] {taskinstance.py:1509} INFO - Exporting the following env vars:
AIRFLOW_CTX_DAG_OWNER=Pavs
AIRFLOW_CTX_DAG_ID=early_sepsis_prediction
AIRFLOW_CTX_TASK_ID=preprocess_mean_input_norm
AIRFLOW_CTX_EXECUTION_DATE=2023-11-09T23:21:33.935612+00:00
AIRFLOW_CTX_TRY_NUMBER=1
AIRFLOW_CTX_DAG_RUN_ID=manual__2023-11-09T23:21:33.935612+00:00
[2023-11-09T23:21:40.852+0000] {warnings.py:110} WARNING - /home/***/.local/lib/python3.7/site-packages/sklearn/preprocessing/_data.py:461: RuntimeWarning: All-NaN slice encountered
  data_min = np.nanmin(X, axis=0)

[2023-11-09T23:21:40.855+0000] {warnings.py:110} WARNING - /home/***/.local/lib/python3.7/site-packages/sklearn/preprocessing/_data.py:462: RuntimeWarning: All-NaN slice encountered
  data_max = np.nanmax(X, axis=0)

[2023-11-09T23:21:41.088+0000] {python.py:177} INFO - Done. Returned value was: None
[2023-11-09T23:21:41.116+0000] {taskinstance.py:1323} INFO - Marking task as SUCCESS. dag_id=early_sepsis_prediction, task_id=preprocess_mean_input_norm, execution_date=20231109T232133, start_date=20231109T232140, end_date=20231109T232141
[2023-11-09T23:21:41.200+0000] {local_task_job.py:208} INFO - Task exited with return code 0
[2023-11-09T23:21:41.241+0000] {taskinstance.py:2578} INFO - 0 downstream tasks scheduled from follow-on schedule check
