[2023-11-09T03:56:46.061+0000] {taskinstance.py:1083} INFO - Dependencies all met for <TaskInstance: early_sepsis_prediction.preprocess_train_data manual__2023-11-09T03:56:42.421254+00:00 [queued]>
[2023-11-09T03:56:46.072+0000] {taskinstance.py:1083} INFO - Dependencies all met for <TaskInstance: early_sepsis_prediction.preprocess_train_data manual__2023-11-09T03:56:42.421254+00:00 [queued]>
[2023-11-09T03:56:46.074+0000] {taskinstance.py:1279} INFO - 
--------------------------------------------------------------------------------
[2023-11-09T03:56:46.074+0000] {taskinstance.py:1280} INFO - Starting attempt 1 of 1
[2023-11-09T03:56:46.075+0000] {taskinstance.py:1281} INFO - 
--------------------------------------------------------------------------------
[2023-11-09T03:56:46.086+0000] {taskinstance.py:1300} INFO - Executing <Task(PythonOperator): preprocess_train_data> on 2023-11-09 03:56:42.421254+00:00
[2023-11-09T03:56:46.096+0000] {standard_task_runner.py:55} INFO - Started process 5649 to run task
[2023-11-09T03:56:46.101+0000] {standard_task_runner.py:82} INFO - Running: ['***', 'tasks', 'run', 'early_sepsis_prediction', 'preprocess_train_data', 'manual__2023-11-09T03:56:42.421254+00:00', '--job-id', '224', '--raw', '--subdir', 'DAGS_FOLDER/***.py', '--cfg-path', '/tmp/tmpke2mx5v0']
[2023-11-09T03:56:46.104+0000] {standard_task_runner.py:83} INFO - Job 224: Subtask preprocess_train_data
[2023-11-09T03:56:46.185+0000] {task_command.py:388} INFO - Running <TaskInstance: early_sepsis_prediction.preprocess_train_data manual__2023-11-09T03:56:42.421254+00:00 [running]> on host 4460f47ac51f
[2023-11-09T03:56:46.270+0000] {taskinstance.py:1509} INFO - Exporting the following env vars:
AIRFLOW_CTX_DAG_OWNER=your_name
AIRFLOW_CTX_DAG_ID=early_sepsis_prediction
AIRFLOW_CTX_TASK_ID=preprocess_train_data
AIRFLOW_CTX_EXECUTION_DATE=2023-11-09T03:56:42.421254+00:00
AIRFLOW_CTX_TRY_NUMBER=1
AIRFLOW_CTX_DAG_RUN_ID=manual__2023-11-09T03:56:42.421254+00:00
[2023-11-09T03:56:46.273+0000] {taskinstance.py:1768} ERROR - Task failed with exception
Traceback (most recent call last):
  File "/home/airflow/.local/lib/python3.7/site-packages/airflow/operators/python.py", line 175, in execute
    return_value = self.execute_callable()
  File "/home/airflow/.local/lib/python3.7/site-packages/airflow/operators/python.py", line 192, in execute_callable
    return self.python_callable(*self.op_args, **self.op_kwargs)
TypeError: preprocess_train_data() missing 3 required positional arguments: 'train_data', 'valid_data', and 'test_data'
[2023-11-09T03:56:46.286+0000] {taskinstance.py:1323} INFO - Marking task as FAILED. dag_id=early_sepsis_prediction, task_id=preprocess_train_data, execution_date=20231109T035642, start_date=20231109T035646, end_date=20231109T035646
[2023-11-09T03:56:46.298+0000] {standard_task_runner.py:105} ERROR - Failed to execute job 224 for task preprocess_train_data (preprocess_train_data() missing 3 required positional arguments: 'train_data', 'valid_data', and 'test_data'; 5649)
[2023-11-09T03:56:46.355+0000] {local_task_job.py:208} INFO - Task exited with return code 1
[2023-11-09T03:56:46.385+0000] {taskinstance.py:2578} INFO - 0 downstream tasks scheduled from follow-on schedule check
