[2023-11-11T02:09:05.092+0000] {taskinstance.py:1083} INFO - Dependencies all met for <TaskInstance: early_sepsis_prediction.preprocess_zero_imput_norm manual__2023-11-11T02:06:12.671249+00:00 [queued]>
[2023-11-11T02:09:05.102+0000] {taskinstance.py:1083} INFO - Dependencies all met for <TaskInstance: early_sepsis_prediction.preprocess_zero_imput_norm manual__2023-11-11T02:06:12.671249+00:00 [queued]>
[2023-11-11T02:09:05.103+0000] {taskinstance.py:1279} INFO - 
--------------------------------------------------------------------------------
[2023-11-11T02:09:05.103+0000] {taskinstance.py:1280} INFO - Starting attempt 1 of 1
[2023-11-11T02:09:05.104+0000] {taskinstance.py:1281} INFO - 
--------------------------------------------------------------------------------
[2023-11-11T02:09:05.115+0000] {taskinstance.py:1300} INFO - Executing <Task(PythonOperator): preprocess_zero_imput_norm> on 2023-11-11 02:06:12.671249+00:00
[2023-11-11T02:09:05.123+0000] {standard_task_runner.py:55} INFO - Started process 3970 to run task
[2023-11-11T02:09:05.128+0000] {standard_task_runner.py:82} INFO - Running: ['***', 'tasks', 'run', 'early_sepsis_prediction', 'preprocess_zero_imput_norm', 'manual__2023-11-11T02:06:12.671249+00:00', '--job-id', '324', '--raw', '--subdir', 'DAGS_FOLDER/***.py', '--cfg-path', '/tmp/tmpufk6lf0t']
[2023-11-11T02:09:05.131+0000] {standard_task_runner.py:83} INFO - Job 324: Subtask preprocess_zero_imput_norm
[2023-11-11T02:09:05.227+0000] {task_command.py:388} INFO - Running <TaskInstance: early_sepsis_prediction.preprocess_zero_imput_norm manual__2023-11-11T02:06:12.671249+00:00 [running]> on host 2f30e812c633
[2023-11-11T02:09:05.313+0000] {taskinstance.py:1509} INFO - Exporting the following env vars:
AIRFLOW_CTX_DAG_OWNER=Pavs
AIRFLOW_CTX_DAG_ID=early_sepsis_prediction
AIRFLOW_CTX_TASK_ID=preprocess_zero_imput_norm
AIRFLOW_CTX_EXECUTION_DATE=2023-11-11T02:06:12.671249+00:00
AIRFLOW_CTX_TRY_NUMBER=1
AIRFLOW_CTX_DAG_RUN_ID=manual__2023-11-11T02:06:12.671249+00:00
[2023-11-11T02:10:18.904+0000] {local_task_job.py:208} INFO - Task exited with return code Negsignal.SIGKILL
[2023-11-11T02:10:18.969+0000] {taskinstance.py:2578} INFO - 0 downstream tasks scheduled from follow-on schedule check
