[2023-11-10T02:25:03.845+0000] {taskinstance.py:1083} INFO - Dependencies all met for <TaskInstance: early_sepsis_prediction.feature_engineering manual__2023-11-10T02:24:56.112825+00:00 [queued]>
[2023-11-10T02:25:03.927+0000] {taskinstance.py:1083} INFO - Dependencies all met for <TaskInstance: early_sepsis_prediction.feature_engineering manual__2023-11-10T02:24:56.112825+00:00 [queued]>
[2023-11-10T02:25:03.929+0000] {taskinstance.py:1279} INFO - 
--------------------------------------------------------------------------------
[2023-11-10T02:25:03.933+0000] {taskinstance.py:1280} INFO - Starting attempt 1 of 1
[2023-11-10T02:25:03.935+0000] {taskinstance.py:1281} INFO - 
--------------------------------------------------------------------------------
[2023-11-10T02:25:04.004+0000] {taskinstance.py:1300} INFO - Executing <Task(PythonOperator): feature_engineering> on 2023-11-10 02:24:56.112825+00:00
[2023-11-10T02:25:04.021+0000] {standard_task_runner.py:55} INFO - Started process 3963 to run task
[2023-11-10T02:25:04.043+0000] {standard_task_runner.py:82} INFO - Running: ['***', 'tasks', 'run', 'early_sepsis_prediction', 'feature_engineering', 'manual__2023-11-10T02:24:56.112825+00:00', '--job-id', '300', '--raw', '--subdir', 'DAGS_FOLDER/***.py', '--cfg-path', '/tmp/tmpxrr65axf']
[2023-11-10T02:25:04.059+0000] {standard_task_runner.py:83} INFO - Job 300: Subtask feature_engineering
[2023-11-10T02:25:04.292+0000] {task_command.py:388} INFO - Running <TaskInstance: early_sepsis_prediction.feature_engineering manual__2023-11-10T02:24:56.112825+00:00 [running]> on host 911414a99fc3
[2023-11-10T02:25:04.435+0000] {taskinstance.py:1509} INFO - Exporting the following env vars:
AIRFLOW_CTX_DAG_OWNER=Pavs
AIRFLOW_CTX_DAG_ID=early_sepsis_prediction
AIRFLOW_CTX_TASK_ID=feature_engineering
AIRFLOW_CTX_EXECUTION_DATE=2023-11-10T02:24:56.112825+00:00
AIRFLOW_CTX_TRY_NUMBER=1
AIRFLOW_CTX_DAG_RUN_ID=manual__2023-11-10T02:24:56.112825+00:00
[2023-11-10T02:25:04.617+0000] {python.py:177} INFO - Done. Returned value was: None
[2023-11-10T02:25:04.634+0000] {taskinstance.py:1323} INFO - Marking task as SUCCESS. dag_id=early_sepsis_prediction, task_id=feature_engineering, execution_date=20231110T022456, start_date=20231110T022503, end_date=20231110T022504
[2023-11-10T02:25:04.702+0000] {local_task_job.py:208} INFO - Task exited with return code 0
[2023-11-10T02:25:04.735+0000] {taskinstance.py:2578} INFO - 2 downstream tasks scheduled from follow-on schedule check
