[2023-11-09T23:08:46.183+0000] {taskinstance.py:1083} INFO - Dependencies all met for <TaskInstance: early_sepsis_prediction.feature_engineering manual__2023-11-09T23:08:41.827615+00:00 [queued]>
[2023-11-09T23:08:46.191+0000] {taskinstance.py:1083} INFO - Dependencies all met for <TaskInstance: early_sepsis_prediction.feature_engineering manual__2023-11-09T23:08:41.827615+00:00 [queued]>
[2023-11-09T23:08:46.192+0000] {taskinstance.py:1279} INFO - 
--------------------------------------------------------------------------------
[2023-11-09T23:08:46.192+0000] {taskinstance.py:1280} INFO - Starting attempt 1 of 1
[2023-11-09T23:08:46.193+0000] {taskinstance.py:1281} INFO - 
--------------------------------------------------------------------------------
[2023-11-09T23:08:46.203+0000] {taskinstance.py:1300} INFO - Executing <Task(PythonOperator): feature_engineering> on 2023-11-09 23:08:41.827615+00:00
[2023-11-09T23:08:46.210+0000] {standard_task_runner.py:55} INFO - Started process 6342 to run task
[2023-11-09T23:08:46.215+0000] {standard_task_runner.py:82} INFO - Running: ['***', 'tasks', 'run', 'early_sepsis_prediction', 'feature_engineering', 'manual__2023-11-09T23:08:41.827615+00:00', '--job-id', '276', '--raw', '--subdir', 'DAGS_FOLDER/***.py', '--cfg-path', '/tmp/tmppr9ky63g']
[2023-11-09T23:08:46.217+0000] {standard_task_runner.py:83} INFO - Job 276: Subtask feature_engineering
[2023-11-09T23:08:46.291+0000] {task_command.py:388} INFO - Running <TaskInstance: early_sepsis_prediction.feature_engineering manual__2023-11-09T23:08:41.827615+00:00 [running]> on host 911414a99fc3
[2023-11-09T23:08:46.361+0000] {taskinstance.py:1509} INFO - Exporting the following env vars:
AIRFLOW_CTX_DAG_OWNER=Pavs
AIRFLOW_CTX_DAG_ID=early_sepsis_prediction
AIRFLOW_CTX_TASK_ID=feature_engineering
AIRFLOW_CTX_EXECUTION_DATE=2023-11-09T23:08:41.827615+00:00
AIRFLOW_CTX_TRY_NUMBER=1
AIRFLOW_CTX_DAG_RUN_ID=manual__2023-11-09T23:08:41.827615+00:00
[2023-11-09T23:08:46.501+0000] {python.py:177} INFO - Done. Returned value was: None
[2023-11-09T23:08:46.513+0000] {taskinstance.py:1323} INFO - Marking task as SUCCESS. dag_id=early_sepsis_prediction, task_id=feature_engineering, execution_date=20231109T230841, start_date=20231109T230846, end_date=20231109T230846
[2023-11-09T23:08:46.547+0000] {local_task_job.py:208} INFO - Task exited with return code 0
[2023-11-09T23:08:46.575+0000] {taskinstance.py:2578} INFO - 2 downstream tasks scheduled from follow-on schedule check
