[2023-11-09T03:32:48.476+0000] {taskinstance.py:1083} INFO - Dependencies all met for <TaskInstance: early_sepsis_prediction.preprocess_train_data manual__2023-11-09T03:32:44.280590+00:00 [queued]>
[2023-11-09T03:32:48.485+0000] {taskinstance.py:1083} INFO - Dependencies all met for <TaskInstance: early_sepsis_prediction.preprocess_train_data manual__2023-11-09T03:32:44.280590+00:00 [queued]>
[2023-11-09T03:32:48.486+0000] {taskinstance.py:1279} INFO - 
--------------------------------------------------------------------------------
[2023-11-09T03:32:48.486+0000] {taskinstance.py:1280} INFO - Starting attempt 1 of 1
[2023-11-09T03:32:48.487+0000] {taskinstance.py:1281} INFO - 
--------------------------------------------------------------------------------
[2023-11-09T03:32:48.498+0000] {taskinstance.py:1300} INFO - Executing <Task(PythonOperator): preprocess_train_data> on 2023-11-09 03:32:44.280590+00:00
[2023-11-09T03:32:48.507+0000] {standard_task_runner.py:55} INFO - Started process 4043 to run task
[2023-11-09T03:32:48.512+0000] {standard_task_runner.py:82} INFO - Running: ['***', 'tasks', 'run', 'early_sepsis_prediction', 'preprocess_train_data', 'manual__2023-11-09T03:32:44.280590+00:00', '--job-id', '170', '--raw', '--subdir', 'DAGS_FOLDER/***.py', '--cfg-path', '/tmp/tmp5s9k8k3n']
[2023-11-09T03:32:48.515+0000] {standard_task_runner.py:83} INFO - Job 170: Subtask preprocess_train_data
[2023-11-09T03:32:48.594+0000] {task_command.py:388} INFO - Running <TaskInstance: early_sepsis_prediction.preprocess_train_data manual__2023-11-09T03:32:44.280590+00:00 [running]> on host 4460f47ac51f
[2023-11-09T03:32:48.670+0000] {taskinstance.py:1509} INFO - Exporting the following env vars:
AIRFLOW_CTX_DAG_OWNER=your_name
AIRFLOW_CTX_DAG_ID=early_sepsis_prediction
AIRFLOW_CTX_TASK_ID=preprocess_train_data
AIRFLOW_CTX_EXECUTION_DATE=2023-11-09T03:32:44.280590+00:00
AIRFLOW_CTX_TRY_NUMBER=1
AIRFLOW_CTX_DAG_RUN_ID=manual__2023-11-09T03:32:44.280590+00:00
[2023-11-09T03:32:48.693+0000] {taskinstance.py:1768} ERROR - Task failed with exception
Traceback (most recent call last):
  File "/home/airflow/.local/lib/python3.7/site-packages/airflow/operators/python.py", line 175, in execute
    return_value = self.execute_callable()
  File "/home/airflow/.local/lib/python3.7/site-packages/airflow/operators/python.py", line 192, in execute_callable
    return self.python_callable(*self.op_args, **self.op_kwargs)
  File "/opt/airflow/dags/src/pylab.py", line 42, in preprocess_train_data
    raise ValueError("No valid XCom value received from generate_data")
ValueError: No valid XCom value received from generate_data
[2023-11-09T03:32:48.711+0000] {taskinstance.py:1323} INFO - Marking task as FAILED. dag_id=early_sepsis_prediction, task_id=preprocess_train_data, execution_date=20231109T033244, start_date=20231109T033248, end_date=20231109T033248
[2023-11-09T03:32:48.729+0000] {standard_task_runner.py:105} ERROR - Failed to execute job 170 for task preprocess_train_data (No valid XCom value received from generate_data; 4043)
[2023-11-09T03:32:48.766+0000] {local_task_job.py:208} INFO - Task exited with return code 1
[2023-11-09T03:32:48.799+0000] {taskinstance.py:2578} INFO - 0 downstream tasks scheduled from follow-on schedule check
