[2023-11-09T23:21:40.382+0000] {taskinstance.py:1083} INFO - Dependencies all met for <TaskInstance: early_sepsis_prediction.preprocess_zero_imput_norm manual__2023-11-09T23:21:33.935612+00:00 [queued]>
[2023-11-09T23:21:40.397+0000] {taskinstance.py:1083} INFO - Dependencies all met for <TaskInstance: early_sepsis_prediction.preprocess_zero_imput_norm manual__2023-11-09T23:21:33.935612+00:00 [queued]>
[2023-11-09T23:21:40.398+0000] {taskinstance.py:1279} INFO - 
--------------------------------------------------------------------------------
[2023-11-09T23:21:40.399+0000] {taskinstance.py:1280} INFO - Starting attempt 1 of 1
[2023-11-09T23:21:40.400+0000] {taskinstance.py:1281} INFO - 
--------------------------------------------------------------------------------
[2023-11-09T23:21:40.425+0000] {taskinstance.py:1300} INFO - Executing <Task(PythonOperator): preprocess_zero_imput_norm> on 2023-11-09 23:21:33.935612+00:00
[2023-11-09T23:21:40.439+0000] {standard_task_runner.py:55} INFO - Started process 7179 to run task
[2023-11-09T23:21:40.459+0000] {standard_task_runner.py:82} INFO - Running: ['***', 'tasks', 'run', 'early_sepsis_prediction', 'preprocess_zero_imput_norm', 'manual__2023-11-09T23:21:33.935612+00:00', '--job-id', '293', '--raw', '--subdir', 'DAGS_FOLDER/***.py', '--cfg-path', '/tmp/tmpfix22iw3']
[2023-11-09T23:21:40.475+0000] {standard_task_runner.py:83} INFO - Job 293: Subtask preprocess_zero_imput_norm
[2023-11-09T23:21:40.622+0000] {task_command.py:388} INFO - Running <TaskInstance: early_sepsis_prediction.preprocess_zero_imput_norm manual__2023-11-09T23:21:33.935612+00:00 [running]> on host 911414a99fc3
[2023-11-09T23:21:40.780+0000] {taskinstance.py:1509} INFO - Exporting the following env vars:
AIRFLOW_CTX_DAG_OWNER=Pavs
AIRFLOW_CTX_DAG_ID=early_sepsis_prediction
AIRFLOW_CTX_TASK_ID=preprocess_zero_imput_norm
AIRFLOW_CTX_EXECUTION_DATE=2023-11-09T23:21:33.935612+00:00
AIRFLOW_CTX_TRY_NUMBER=1
AIRFLOW_CTX_DAG_RUN_ID=manual__2023-11-09T23:21:33.935612+00:00
[2023-11-09T23:21:41.377+0000] {python.py:177} INFO - Done. Returned value was: None
[2023-11-09T23:21:41.395+0000] {taskinstance.py:1323} INFO - Marking task as SUCCESS. dag_id=early_sepsis_prediction, task_id=preprocess_zero_imput_norm, execution_date=20231109T232133, start_date=20231109T232140, end_date=20231109T232141
[2023-11-09T23:21:41.429+0000] {local_task_job.py:208} INFO - Task exited with return code 0
[2023-11-09T23:21:41.459+0000] {taskinstance.py:2578} INFO - 0 downstream tasks scheduled from follow-on schedule check
