[2023-11-09T23:15:22.004+0000] {taskinstance.py:1083} INFO - Dependencies all met for <TaskInstance: early_sepsis_prediction.feature_engineering manual__2023-11-09T23:15:18.061671+00:00 [queued]>
[2023-11-09T23:15:22.014+0000] {taskinstance.py:1083} INFO - Dependencies all met for <TaskInstance: early_sepsis_prediction.feature_engineering manual__2023-11-09T23:15:18.061671+00:00 [queued]>
[2023-11-09T23:15:22.018+0000] {taskinstance.py:1279} INFO - 
--------------------------------------------------------------------------------
[2023-11-09T23:15:22.025+0000] {taskinstance.py:1280} INFO - Starting attempt 1 of 1
[2023-11-09T23:15:22.028+0000] {taskinstance.py:1281} INFO - 
--------------------------------------------------------------------------------
[2023-11-09T23:15:22.044+0000] {taskinstance.py:1300} INFO - Executing <Task(PythonOperator): feature_engineering> on 2023-11-09 23:15:18.061671+00:00
[2023-11-09T23:15:22.052+0000] {standard_task_runner.py:55} INFO - Started process 6763 to run task
[2023-11-09T23:15:22.057+0000] {standard_task_runner.py:82} INFO - Running: ['***', 'tasks', 'run', 'early_sepsis_prediction', 'feature_engineering', 'manual__2023-11-09T23:15:18.061671+00:00', '--job-id', '284', '--raw', '--subdir', 'DAGS_FOLDER/***.py', '--cfg-path', '/tmp/tmpdvxf3iml']
[2023-11-09T23:15:22.061+0000] {standard_task_runner.py:83} INFO - Job 284: Subtask feature_engineering
[2023-11-09T23:15:22.155+0000] {task_command.py:388} INFO - Running <TaskInstance: early_sepsis_prediction.feature_engineering manual__2023-11-09T23:15:18.061671+00:00 [running]> on host 911414a99fc3
[2023-11-09T23:15:22.231+0000] {taskinstance.py:1509} INFO - Exporting the following env vars:
AIRFLOW_CTX_DAG_OWNER=Pavs
AIRFLOW_CTX_DAG_ID=early_sepsis_prediction
AIRFLOW_CTX_TASK_ID=feature_engineering
AIRFLOW_CTX_EXECUTION_DATE=2023-11-09T23:15:18.061671+00:00
AIRFLOW_CTX_TRY_NUMBER=1
AIRFLOW_CTX_DAG_RUN_ID=manual__2023-11-09T23:15:18.061671+00:00
[2023-11-09T23:15:22.424+0000] {python.py:177} INFO - Done. Returned value was: None
[2023-11-09T23:15:22.439+0000] {taskinstance.py:1323} INFO - Marking task as SUCCESS. dag_id=early_sepsis_prediction, task_id=feature_engineering, execution_date=20231109T231518, start_date=20231109T231522, end_date=20231109T231522
[2023-11-09T23:15:22.471+0000] {local_task_job.py:208} INFO - Task exited with return code 0
[2023-11-09T23:15:22.497+0000] {taskinstance.py:2578} INFO - 2 downstream tasks scheduled from follow-on schedule check
