[2023-11-09T04:05:57.105+0000] {taskinstance.py:1083} INFO - Dependencies all met for <TaskInstance: early_sepsis_prediction.preprocess_train_data manual__2023-11-09T04:05:52.935710+00:00 [queued]>
[2023-11-09T04:05:57.114+0000] {taskinstance.py:1083} INFO - Dependencies all met for <TaskInstance: early_sepsis_prediction.preprocess_train_data manual__2023-11-09T04:05:52.935710+00:00 [queued]>
[2023-11-09T04:05:57.115+0000] {taskinstance.py:1279} INFO - 
--------------------------------------------------------------------------------
[2023-11-09T04:05:57.115+0000] {taskinstance.py:1280} INFO - Starting attempt 1 of 1
[2023-11-09T04:05:57.116+0000] {taskinstance.py:1281} INFO - 
--------------------------------------------------------------------------------
[2023-11-09T04:05:57.127+0000] {taskinstance.py:1300} INFO - Executing <Task(PythonOperator): preprocess_train_data> on 2023-11-09 04:05:52.935710+00:00
[2023-11-09T04:05:57.135+0000] {standard_task_runner.py:55} INFO - Started process 6250 to run task
[2023-11-09T04:05:57.140+0000] {standard_task_runner.py:82} INFO - Running: ['***', 'tasks', 'run', 'early_sepsis_prediction', 'preprocess_train_data', 'manual__2023-11-09T04:05:52.935710+00:00', '--job-id', '241', '--raw', '--subdir', 'DAGS_FOLDER/***.py', '--cfg-path', '/tmp/tmplj_nnu6k']
[2023-11-09T04:05:57.143+0000] {standard_task_runner.py:83} INFO - Job 241: Subtask preprocess_train_data
[2023-11-09T04:05:57.222+0000] {task_command.py:388} INFO - Running <TaskInstance: early_sepsis_prediction.preprocess_train_data manual__2023-11-09T04:05:52.935710+00:00 [running]> on host 4460f47ac51f
[2023-11-09T04:05:57.294+0000] {taskinstance.py:1509} INFO - Exporting the following env vars:
AIRFLOW_CTX_DAG_OWNER=your_name
AIRFLOW_CTX_DAG_ID=early_sepsis_prediction
AIRFLOW_CTX_TASK_ID=preprocess_train_data
AIRFLOW_CTX_EXECUTION_DATE=2023-11-09T04:05:52.935710+00:00
AIRFLOW_CTX_TRY_NUMBER=1
AIRFLOW_CTX_DAG_RUN_ID=manual__2023-11-09T04:05:52.935710+00:00
[2023-11-09T04:05:57.435+0000] {python.py:177} INFO - Done. Returned value was: None
[2023-11-09T04:05:57.449+0000] {taskinstance.py:1323} INFO - Marking task as SUCCESS. dag_id=early_sepsis_prediction, task_id=preprocess_train_data, execution_date=20231109T040552, start_date=20231109T040557, end_date=20231109T040557
[2023-11-09T04:05:57.513+0000] {local_task_job.py:208} INFO - Task exited with return code 0
[2023-11-09T04:05:57.542+0000] {taskinstance.py:2578} INFO - 1 downstream tasks scheduled from follow-on schedule check
