[2023-11-11T02:09:06.082+0000] {taskinstance.py:1083} INFO - Dependencies all met for <TaskInstance: early_sepsis_prediction.preprocess_mean_input_norm manual__2023-11-11T02:06:12.671249+00:00 [queued]>
[2023-11-11T02:09:06.094+0000] {taskinstance.py:1083} INFO - Dependencies all met for <TaskInstance: early_sepsis_prediction.preprocess_mean_input_norm manual__2023-11-11T02:06:12.671249+00:00 [queued]>
[2023-11-11T02:09:06.095+0000] {taskinstance.py:1279} INFO - 
--------------------------------------------------------------------------------
[2023-11-11T02:09:06.096+0000] {taskinstance.py:1280} INFO - Starting attempt 1 of 1
[2023-11-11T02:09:06.097+0000] {taskinstance.py:1281} INFO - 
--------------------------------------------------------------------------------
[2023-11-11T02:09:06.116+0000] {taskinstance.py:1300} INFO - Executing <Task(PythonOperator): preprocess_mean_input_norm> on 2023-11-11 02:06:12.671249+00:00
[2023-11-11T02:09:06.129+0000] {standard_task_runner.py:55} INFO - Started process 3971 to run task
[2023-11-11T02:09:06.148+0000] {standard_task_runner.py:82} INFO - Running: ['***', 'tasks', 'run', 'early_sepsis_prediction', 'preprocess_mean_input_norm', 'manual__2023-11-11T02:06:12.671249+00:00', '--job-id', '325', '--raw', '--subdir', 'DAGS_FOLDER/***.py', '--cfg-path', '/tmp/tmp51qhzr1w']
[2023-11-11T02:09:06.159+0000] {standard_task_runner.py:83} INFO - Job 325: Subtask preprocess_mean_input_norm
[2023-11-11T02:09:06.295+0000] {task_command.py:388} INFO - Running <TaskInstance: early_sepsis_prediction.preprocess_mean_input_norm manual__2023-11-11T02:06:12.671249+00:00 [running]> on host 2f30e812c633
[2023-11-11T02:09:06.462+0000] {taskinstance.py:1509} INFO - Exporting the following env vars:
AIRFLOW_CTX_DAG_OWNER=Pavs
AIRFLOW_CTX_DAG_ID=early_sepsis_prediction
AIRFLOW_CTX_TASK_ID=preprocess_mean_input_norm
AIRFLOW_CTX_EXECUTION_DATE=2023-11-11T02:06:12.671249+00:00
AIRFLOW_CTX_TRY_NUMBER=1
AIRFLOW_CTX_DAG_RUN_ID=manual__2023-11-11T02:06:12.671249+00:00
[2023-11-11T02:09:11.067+0000] {warnings.py:110} WARNING - /home/***/.local/lib/python3.7/site-packages/sklearn/preprocessing/_data.py:461: RuntimeWarning: All-NaN slice encountered
  data_min = np.nanmin(X, axis=0)

[2023-11-11T02:09:11.087+0000] {warnings.py:110} WARNING - /home/***/.local/lib/python3.7/site-packages/sklearn/preprocessing/_data.py:462: RuntimeWarning: All-NaN slice encountered
  data_max = np.nanmax(X, axis=0)

[2023-11-11T02:10:49.842+0000] {python.py:177} INFO - Done. Returned value was: None
[2023-11-11T02:10:49.871+0000] {taskinstance.py:1323} INFO - Marking task as SUCCESS. dag_id=early_sepsis_prediction, task_id=preprocess_mean_input_norm, execution_date=20231111T020612, start_date=20231111T020906, end_date=20231111T021049
[2023-11-11T02:10:50.001+0000] {local_task_job.py:208} INFO - Task exited with return code 0
[2023-11-11T02:10:50.036+0000] {taskinstance.py:2578} INFO - 0 downstream tasks scheduled from follow-on schedule check
