[2023-11-09T22:57:44.496+0000] {taskinstance.py:1083} INFO - Dependencies all met for <TaskInstance: early_sepsis_prediction.feature_engineering manual__2023-11-09T22:57:38.952531+00:00 [queued]>
[2023-11-09T22:57:44.506+0000] {taskinstance.py:1083} INFO - Dependencies all met for <TaskInstance: early_sepsis_prediction.feature_engineering manual__2023-11-09T22:57:38.952531+00:00 [queued]>
[2023-11-09T22:57:44.511+0000] {taskinstance.py:1279} INFO - 
--------------------------------------------------------------------------------
[2023-11-09T22:57:44.513+0000] {taskinstance.py:1280} INFO - Starting attempt 1 of 1
[2023-11-09T22:57:44.515+0000] {taskinstance.py:1281} INFO - 
--------------------------------------------------------------------------------
[2023-11-09T22:57:44.544+0000] {taskinstance.py:1300} INFO - Executing <Task(PythonOperator): feature_engineering> on 2023-11-09 22:57:38.952531+00:00
[2023-11-09T22:57:44.564+0000] {standard_task_runner.py:55} INFO - Started process 5640 to run task
[2023-11-09T22:57:44.571+0000] {standard_task_runner.py:82} INFO - Running: ['***', 'tasks', 'run', 'early_sepsis_prediction', 'feature_engineering', 'manual__2023-11-09T22:57:38.952531+00:00', '--job-id', '268', '--raw', '--subdir', 'DAGS_FOLDER/***.py', '--cfg-path', '/tmp/tmpdf2ta312']
[2023-11-09T22:57:44.580+0000] {standard_task_runner.py:83} INFO - Job 268: Subtask feature_engineering
[2023-11-09T22:57:44.684+0000] {task_command.py:388} INFO - Running <TaskInstance: early_sepsis_prediction.feature_engineering manual__2023-11-09T22:57:38.952531+00:00 [running]> on host 911414a99fc3
[2023-11-09T22:57:44.775+0000] {taskinstance.py:1509} INFO - Exporting the following env vars:
AIRFLOW_CTX_DAG_OWNER=Pavs
AIRFLOW_CTX_DAG_ID=early_sepsis_prediction
AIRFLOW_CTX_TASK_ID=feature_engineering
AIRFLOW_CTX_EXECUTION_DATE=2023-11-09T22:57:38.952531+00:00
AIRFLOW_CTX_TRY_NUMBER=1
AIRFLOW_CTX_DAG_RUN_ID=manual__2023-11-09T22:57:38.952531+00:00
[2023-11-09T22:57:44.946+0000] {python.py:177} INFO - Done. Returned value was: None
[2023-11-09T22:57:44.962+0000] {taskinstance.py:1323} INFO - Marking task as SUCCESS. dag_id=early_sepsis_prediction, task_id=feature_engineering, execution_date=20231109T225738, start_date=20231109T225744, end_date=20231109T225744
[2023-11-09T22:57:45.026+0000] {local_task_job.py:208} INFO - Task exited with return code 0
[2023-11-09T22:57:45.055+0000] {taskinstance.py:2578} INFO - 2 downstream tasks scheduled from follow-on schedule check
