[2023-11-11T03:55:41.464+0000] {taskinstance.py:1083} INFO - Dependencies all met for <TaskInstance: early_sepsis_prediction.feature_engineering manual__2023-11-11T03:53:37.224736+00:00 [queued]>
[2023-11-11T03:55:41.480+0000] {taskinstance.py:1083} INFO - Dependencies all met for <TaskInstance: early_sepsis_prediction.feature_engineering manual__2023-11-11T03:53:37.224736+00:00 [queued]>
[2023-11-11T03:55:41.481+0000] {taskinstance.py:1279} INFO - 
--------------------------------------------------------------------------------
[2023-11-11T03:55:41.482+0000] {taskinstance.py:1280} INFO - Starting attempt 1 of 1
[2023-11-11T03:55:41.482+0000] {taskinstance.py:1281} INFO - 
--------------------------------------------------------------------------------
[2023-11-11T03:55:41.496+0000] {taskinstance.py:1300} INFO - Executing <Task(PythonOperator): feature_engineering> on 2023-11-11 03:53:37.224736+00:00
[2023-11-11T03:55:41.506+0000] {standard_task_runner.py:55} INFO - Started process 9922 to run task
[2023-11-11T03:55:41.512+0000] {standard_task_runner.py:82} INFO - Running: ['***', 'tasks', 'run', 'early_sepsis_prediction', 'feature_engineering', 'manual__2023-11-11T03:53:37.224736+00:00', '--job-id', '349', '--raw', '--subdir', 'DAGS_FOLDER/***.py', '--cfg-path', '/tmp/tmp95oee3gp']
[2023-11-11T03:55:41.516+0000] {standard_task_runner.py:83} INFO - Job 349: Subtask feature_engineering
[2023-11-11T03:55:41.623+0000] {task_command.py:388} INFO - Running <TaskInstance: early_sepsis_prediction.feature_engineering manual__2023-11-11T03:53:37.224736+00:00 [running]> on host 2f30e812c633
[2023-11-11T03:55:41.716+0000] {taskinstance.py:1509} INFO - Exporting the following env vars:
AIRFLOW_CTX_DAG_OWNER=Pavs
AIRFLOW_CTX_DAG_ID=early_sepsis_prediction
AIRFLOW_CTX_TASK_ID=feature_engineering
AIRFLOW_CTX_EXECUTION_DATE=2023-11-11T03:53:37.224736+00:00
AIRFLOW_CTX_TRY_NUMBER=1
AIRFLOW_CTX_DAG_RUN_ID=manual__2023-11-11T03:53:37.224736+00:00
[2023-11-11T03:55:50.164+0000] {python.py:177} INFO - Done. Returned value was: None
[2023-11-11T03:55:50.191+0000] {taskinstance.py:1323} INFO - Marking task as SUCCESS. dag_id=early_sepsis_prediction, task_id=feature_engineering, execution_date=20231111T035337, start_date=20231111T035541, end_date=20231111T035550
[2023-11-11T03:55:50.359+0000] {local_task_job.py:208} INFO - Task exited with return code 0
[2023-11-11T03:55:50.397+0000] {taskinstance.py:2578} INFO - 2 downstream tasks scheduled from follow-on schedule check
