[2023-11-11T03:55:52.081+0000] {taskinstance.py:1083} INFO - Dependencies all met for <TaskInstance: early_sepsis_prediction.preprocess_mean_input_norm manual__2023-11-11T03:53:37.224736+00:00 [queued]>
[2023-11-11T03:55:52.100+0000] {taskinstance.py:1083} INFO - Dependencies all met for <TaskInstance: early_sepsis_prediction.preprocess_mean_input_norm manual__2023-11-11T03:53:37.224736+00:00 [queued]>
[2023-11-11T03:55:52.101+0000] {taskinstance.py:1279} INFO - 
--------------------------------------------------------------------------------
[2023-11-11T03:55:52.102+0000] {taskinstance.py:1280} INFO - Starting attempt 1 of 1
[2023-11-11T03:55:52.102+0000] {taskinstance.py:1281} INFO - 
--------------------------------------------------------------------------------
[2023-11-11T03:55:52.117+0000] {taskinstance.py:1300} INFO - Executing <Task(PythonOperator): preprocess_mean_input_norm> on 2023-11-11 03:53:37.224736+00:00
[2023-11-11T03:55:52.127+0000] {standard_task_runner.py:55} INFO - Started process 9930 to run task
[2023-11-11T03:55:52.133+0000] {standard_task_runner.py:82} INFO - Running: ['***', 'tasks', 'run', 'early_sepsis_prediction', 'preprocess_mean_input_norm', 'manual__2023-11-11T03:53:37.224736+00:00', '--job-id', '350', '--raw', '--subdir', 'DAGS_FOLDER/***.py', '--cfg-path', '/tmp/tmp4uzambn9']
[2023-11-11T03:55:52.137+0000] {standard_task_runner.py:83} INFO - Job 350: Subtask preprocess_mean_input_norm
[2023-11-11T03:55:52.243+0000] {task_command.py:388} INFO - Running <TaskInstance: early_sepsis_prediction.preprocess_mean_input_norm manual__2023-11-11T03:53:37.224736+00:00 [running]> on host 2f30e812c633
[2023-11-11T03:55:52.345+0000] {taskinstance.py:1509} INFO - Exporting the following env vars:
AIRFLOW_CTX_DAG_OWNER=Pavs
AIRFLOW_CTX_DAG_ID=early_sepsis_prediction
AIRFLOW_CTX_TASK_ID=preprocess_mean_input_norm
AIRFLOW_CTX_EXECUTION_DATE=2023-11-11T03:53:37.224736+00:00
AIRFLOW_CTX_TRY_NUMBER=1
AIRFLOW_CTX_DAG_RUN_ID=manual__2023-11-11T03:53:37.224736+00:00
[2023-11-11T03:56:58.145+0000] {python.py:177} INFO - Done. Returned value was: None
[2023-11-11T03:56:58.162+0000] {taskinstance.py:1323} INFO - Marking task as SUCCESS. dag_id=early_sepsis_prediction, task_id=preprocess_mean_input_norm, execution_date=20231111T035337, start_date=20231111T035552, end_date=20231111T035658
[2023-11-11T03:56:58.279+0000] {local_task_job.py:208} INFO - Task exited with return code 0
[2023-11-11T03:56:58.302+0000] {taskinstance.py:2578} INFO - 0 downstream tasks scheduled from follow-on schedule check
