[2023-11-09T23:09:59.618+0000] {taskinstance.py:1083} INFO - Dependencies all met for <TaskInstance: early_sepsis_prediction.feature_engineering manual__2023-11-09T23:09:56.250550+00:00 [queued]>
[2023-11-09T23:09:59.627+0000] {taskinstance.py:1083} INFO - Dependencies all met for <TaskInstance: early_sepsis_prediction.feature_engineering manual__2023-11-09T23:09:56.250550+00:00 [queued]>
[2023-11-09T23:09:59.628+0000] {taskinstance.py:1279} INFO - 
--------------------------------------------------------------------------------
[2023-11-09T23:09:59.629+0000] {taskinstance.py:1280} INFO - Starting attempt 1 of 1
[2023-11-09T23:09:59.629+0000] {taskinstance.py:1281} INFO - 
--------------------------------------------------------------------------------
[2023-11-09T23:09:59.641+0000] {taskinstance.py:1300} INFO - Executing <Task(PythonOperator): feature_engineering> on 2023-11-09 23:09:56.250550+00:00
[2023-11-09T23:09:59.648+0000] {standard_task_runner.py:55} INFO - Started process 6426 to run task
[2023-11-09T23:09:59.653+0000] {standard_task_runner.py:82} INFO - Running: ['***', 'tasks', 'run', 'early_sepsis_prediction', 'feature_engineering', 'manual__2023-11-09T23:09:56.250550+00:00', '--job-id', '280', '--raw', '--subdir', 'DAGS_FOLDER/***.py', '--cfg-path', '/tmp/tmp2z7_vugn']
[2023-11-09T23:09:59.657+0000] {standard_task_runner.py:83} INFO - Job 280: Subtask feature_engineering
[2023-11-09T23:09:59.736+0000] {task_command.py:388} INFO - Running <TaskInstance: early_sepsis_prediction.feature_engineering manual__2023-11-09T23:09:56.250550+00:00 [running]> on host 911414a99fc3
[2023-11-09T23:09:59.814+0000] {taskinstance.py:1509} INFO - Exporting the following env vars:
AIRFLOW_CTX_DAG_OWNER=Pavs
AIRFLOW_CTX_DAG_ID=early_sepsis_prediction
AIRFLOW_CTX_TASK_ID=feature_engineering
AIRFLOW_CTX_EXECUTION_DATE=2023-11-09T23:09:56.250550+00:00
AIRFLOW_CTX_TRY_NUMBER=1
AIRFLOW_CTX_DAG_RUN_ID=manual__2023-11-09T23:09:56.250550+00:00
[2023-11-09T23:09:59.973+0000] {python.py:177} INFO - Done. Returned value was: None
[2023-11-09T23:09:59.987+0000] {taskinstance.py:1323} INFO - Marking task as SUCCESS. dag_id=early_sepsis_prediction, task_id=feature_engineering, execution_date=20231109T230956, start_date=20231109T230959, end_date=20231109T230959
[2023-11-09T23:10:00.028+0000] {local_task_job.py:208} INFO - Task exited with return code 0
[2023-11-09T23:10:00.056+0000] {taskinstance.py:2578} INFO - 2 downstream tasks scheduled from follow-on schedule check
