[2023-11-11T03:20:49.542+0000] {taskinstance.py:1083} INFO - Dependencies all met for <TaskInstance: early_sepsis_prediction.preprocess_zero_imput_norm manual__2023-11-11T03:15:26.352498+00:00 [queued]>
[2023-11-11T03:20:49.595+0000] {taskinstance.py:1083} INFO - Dependencies all met for <TaskInstance: early_sepsis_prediction.preprocess_zero_imput_norm manual__2023-11-11T03:15:26.352498+00:00 [queued]>
[2023-11-11T03:20:49.596+0000] {taskinstance.py:1279} INFO - 
--------------------------------------------------------------------------------
[2023-11-11T03:20:49.598+0000] {taskinstance.py:1280} INFO - Starting attempt 1 of 1
[2023-11-11T03:20:49.600+0000] {taskinstance.py:1281} INFO - 
--------------------------------------------------------------------------------
[2023-11-11T03:20:49.722+0000] {taskinstance.py:1300} INFO - Executing <Task(PythonOperator): preprocess_zero_imput_norm> on 2023-11-11 03:15:26.352498+00:00
[2023-11-11T03:20:49.753+0000] {standard_task_runner.py:55} INFO - Started process 7938 to run task
[2023-11-11T03:20:49.798+0000] {standard_task_runner.py:82} INFO - Running: ['***', 'tasks', 'run', 'early_sepsis_prediction', 'preprocess_zero_imput_norm', 'manual__2023-11-11T03:15:26.352498+00:00', '--job-id', '345', '--raw', '--subdir', 'DAGS_FOLDER/***.py', '--cfg-path', '/tmp/tmp6som3zu3']
[2023-11-11T03:20:49.827+0000] {standard_task_runner.py:83} INFO - Job 345: Subtask preprocess_zero_imput_norm
[2023-11-11T03:20:50.512+0000] {task_command.py:388} INFO - Running <TaskInstance: early_sepsis_prediction.preprocess_zero_imput_norm manual__2023-11-11T03:15:26.352498+00:00 [running]> on host 2f30e812c633
[2023-11-11T03:20:51.465+0000] {taskinstance.py:1509} INFO - Exporting the following env vars:
AIRFLOW_CTX_DAG_OWNER=Pavs
AIRFLOW_CTX_DAG_ID=early_sepsis_prediction
AIRFLOW_CTX_TASK_ID=preprocess_zero_imput_norm
AIRFLOW_CTX_EXECUTION_DATE=2023-11-11T03:15:26.352498+00:00
AIRFLOW_CTX_TRY_NUMBER=1
AIRFLOW_CTX_DAG_RUN_ID=manual__2023-11-11T03:15:26.352498+00:00
[2023-11-11T03:22:57.043+0000] {python.py:177} INFO - Done. Returned value was: None
[2023-11-11T03:22:57.131+0000] {taskinstance.py:1323} INFO - Marking task as SUCCESS. dag_id=early_sepsis_prediction, task_id=preprocess_zero_imput_norm, execution_date=20231111T031526, start_date=20231111T032049, end_date=20231111T032257
[2023-11-11T03:22:57.629+0000] {local_task_job.py:208} INFO - Task exited with return code 0
[2023-11-11T03:22:57.785+0000] {taskinstance.py:2578} INFO - 0 downstream tasks scheduled from follow-on schedule check
