[2023-11-10T02:25:06.723+0000] {taskinstance.py:1083} INFO - Dependencies all met for <TaskInstance: early_sepsis_prediction.preprocess_zero_imput_norm manual__2023-11-10T02:24:56.112825+00:00 [queued]>
[2023-11-10T02:25:06.757+0000] {taskinstance.py:1083} INFO - Dependencies all met for <TaskInstance: early_sepsis_prediction.preprocess_zero_imput_norm manual__2023-11-10T02:24:56.112825+00:00 [queued]>
[2023-11-10T02:25:06.765+0000] {taskinstance.py:1279} INFO - 
--------------------------------------------------------------------------------
[2023-11-10T02:25:06.766+0000] {taskinstance.py:1280} INFO - Starting attempt 1 of 1
[2023-11-10T02:25:06.766+0000] {taskinstance.py:1281} INFO - 
--------------------------------------------------------------------------------
[2023-11-10T02:25:06.787+0000] {taskinstance.py:1300} INFO - Executing <Task(PythonOperator): preprocess_zero_imput_norm> on 2023-11-10 02:24:56.112825+00:00
[2023-11-10T02:25:06.798+0000] {standard_task_runner.py:55} INFO - Started process 3968 to run task
[2023-11-10T02:25:06.804+0000] {standard_task_runner.py:82} INFO - Running: ['***', 'tasks', 'run', 'early_sepsis_prediction', 'preprocess_zero_imput_norm', 'manual__2023-11-10T02:24:56.112825+00:00', '--job-id', '302', '--raw', '--subdir', 'DAGS_FOLDER/***.py', '--cfg-path', '/tmp/tmpv424ley0']
[2023-11-10T02:25:06.808+0000] {standard_task_runner.py:83} INFO - Job 302: Subtask preprocess_zero_imput_norm
[2023-11-10T02:25:06.986+0000] {task_command.py:388} INFO - Running <TaskInstance: early_sepsis_prediction.preprocess_zero_imput_norm manual__2023-11-10T02:24:56.112825+00:00 [running]> on host 911414a99fc3
[2023-11-10T02:25:07.149+0000] {taskinstance.py:1509} INFO - Exporting the following env vars:
AIRFLOW_CTX_DAG_OWNER=Pavs
AIRFLOW_CTX_DAG_ID=early_sepsis_prediction
AIRFLOW_CTX_TASK_ID=preprocess_zero_imput_norm
AIRFLOW_CTX_EXECUTION_DATE=2023-11-10T02:24:56.112825+00:00
AIRFLOW_CTX_TRY_NUMBER=1
AIRFLOW_CTX_DAG_RUN_ID=manual__2023-11-10T02:24:56.112825+00:00
[2023-11-10T02:25:07.604+0000] {python.py:177} INFO - Done. Returned value was: None
[2023-11-10T02:25:07.641+0000] {taskinstance.py:1323} INFO - Marking task as SUCCESS. dag_id=early_sepsis_prediction, task_id=preprocess_zero_imput_norm, execution_date=20231110T022456, start_date=20231110T022506, end_date=20231110T022507
[2023-11-10T02:25:07.699+0000] {local_task_job.py:208} INFO - Task exited with return code 0
[2023-11-10T02:25:07.741+0000] {taskinstance.py:2578} INFO - 0 downstream tasks scheduled from follow-on schedule check
