[2023-11-09T23:15:23.945+0000] {taskinstance.py:1083} INFO - Dependencies all met for <TaskInstance: early_sepsis_prediction.preprocess_zero_imput_norm manual__2023-11-09T23:15:18.061671+00:00 [queued]>
[2023-11-09T23:15:23.972+0000] {taskinstance.py:1083} INFO - Dependencies all met for <TaskInstance: early_sepsis_prediction.preprocess_zero_imput_norm manual__2023-11-09T23:15:18.061671+00:00 [queued]>
[2023-11-09T23:15:23.973+0000] {taskinstance.py:1279} INFO - 
--------------------------------------------------------------------------------
[2023-11-09T23:15:23.974+0000] {taskinstance.py:1280} INFO - Starting attempt 1 of 1
[2023-11-09T23:15:23.975+0000] {taskinstance.py:1281} INFO - 
--------------------------------------------------------------------------------
[2023-11-09T23:15:23.994+0000] {taskinstance.py:1300} INFO - Executing <Task(PythonOperator): preprocess_zero_imput_norm> on 2023-11-09 23:15:18.061671+00:00
[2023-11-09T23:15:24.011+0000] {standard_task_runner.py:55} INFO - Started process 6768 to run task
[2023-11-09T23:15:24.022+0000] {standard_task_runner.py:82} INFO - Running: ['***', 'tasks', 'run', 'early_sepsis_prediction', 'preprocess_zero_imput_norm', 'manual__2023-11-09T23:15:18.061671+00:00', '--job-id', '285', '--raw', '--subdir', 'DAGS_FOLDER/***.py', '--cfg-path', '/tmp/tmpox5ui8fk']
[2023-11-09T23:15:24.028+0000] {standard_task_runner.py:83} INFO - Job 285: Subtask preprocess_zero_imput_norm
[2023-11-09T23:15:24.180+0000] {task_command.py:388} INFO - Running <TaskInstance: early_sepsis_prediction.preprocess_zero_imput_norm manual__2023-11-09T23:15:18.061671+00:00 [running]> on host 911414a99fc3
[2023-11-09T23:15:24.291+0000] {taskinstance.py:1509} INFO - Exporting the following env vars:
AIRFLOW_CTX_DAG_OWNER=Pavs
AIRFLOW_CTX_DAG_ID=early_sepsis_prediction
AIRFLOW_CTX_TASK_ID=preprocess_zero_imput_norm
AIRFLOW_CTX_EXECUTION_DATE=2023-11-09T23:15:18.061671+00:00
AIRFLOW_CTX_TRY_NUMBER=1
AIRFLOW_CTX_DAG_RUN_ID=manual__2023-11-09T23:15:18.061671+00:00
[2023-11-09T23:15:24.496+0000] {python.py:177} INFO - Done. Returned value was: None
[2023-11-09T23:15:24.510+0000] {taskinstance.py:1323} INFO - Marking task as SUCCESS. dag_id=early_sepsis_prediction, task_id=preprocess_zero_imput_norm, execution_date=20231109T231518, start_date=20231109T231523, end_date=20231109T231524
[2023-11-09T23:15:24.556+0000] {local_task_job.py:208} INFO - Task exited with return code 0
[2023-11-09T23:15:24.579+0000] {taskinstance.py:2578} INFO - 0 downstream tasks scheduled from follow-on schedule check
