[2023-11-09T22:28:10.284+0000] {taskinstance.py:1083} INFO - Dependencies all met for <TaskInstance: early_sepsis_prediction.feature_engineering manual__2023-11-09T22:28:05.807738+00:00 [queued]>
[2023-11-09T22:28:10.304+0000] {taskinstance.py:1083} INFO - Dependencies all met for <TaskInstance: early_sepsis_prediction.feature_engineering manual__2023-11-09T22:28:05.807738+00:00 [queued]>
[2023-11-09T22:28:10.305+0000] {taskinstance.py:1279} INFO - 
--------------------------------------------------------------------------------
[2023-11-09T22:28:10.308+0000] {taskinstance.py:1280} INFO - Starting attempt 1 of 1
[2023-11-09T22:28:10.309+0000] {taskinstance.py:1281} INFO - 
--------------------------------------------------------------------------------
[2023-11-09T22:28:10.339+0000] {taskinstance.py:1300} INFO - Executing <Task(PythonOperator): feature_engineering> on 2023-11-09 22:28:05.807738+00:00
[2023-11-09T22:28:10.351+0000] {standard_task_runner.py:55} INFO - Started process 4236 to run task
[2023-11-09T22:28:10.373+0000] {standard_task_runner.py:82} INFO - Running: ['***', 'tasks', 'run', 'early_sepsis_prediction', 'feature_engineering', 'manual__2023-11-09T22:28:05.807738+00:00', '--job-id', '255', '--raw', '--subdir', 'DAGS_FOLDER/***.py', '--cfg-path', '/tmp/tmp8xisc9z1']
[2023-11-09T22:28:10.377+0000] {standard_task_runner.py:83} INFO - Job 255: Subtask feature_engineering
[2023-11-09T22:28:10.460+0000] {task_command.py:388} INFO - Running <TaskInstance: early_sepsis_prediction.feature_engineering manual__2023-11-09T22:28:05.807738+00:00 [running]> on host 911414a99fc3
[2023-11-09T22:28:10.539+0000] {taskinstance.py:1509} INFO - Exporting the following env vars:
AIRFLOW_CTX_DAG_OWNER=Pavs
AIRFLOW_CTX_DAG_ID=early_sepsis_prediction
AIRFLOW_CTX_TASK_ID=feature_engineering
AIRFLOW_CTX_EXECUTION_DATE=2023-11-09T22:28:05.807738+00:00
AIRFLOW_CTX_TRY_NUMBER=1
AIRFLOW_CTX_DAG_RUN_ID=manual__2023-11-09T22:28:05.807738+00:00
[2023-11-09T22:28:10.696+0000] {python.py:177} INFO - Done. Returned value was: None
[2023-11-09T22:28:10.727+0000] {taskinstance.py:1323} INFO - Marking task as SUCCESS. dag_id=early_sepsis_prediction, task_id=feature_engineering, execution_date=20231109T222805, start_date=20231109T222810, end_date=20231109T222810
[2023-11-09T22:28:10.775+0000] {local_task_job.py:208} INFO - Task exited with return code 0
[2023-11-09T22:28:10.801+0000] {taskinstance.py:2578} INFO - 2 downstream tasks scheduled from follow-on schedule check
