[2023-11-09T21:27:14.982+0000] {taskinstance.py:1083} INFO - Dependencies all met for <TaskInstance: early_sepsis_prediction.preprocess_train_data manual__2023-11-09T21:27:09.803276+00:00 [queued]>
[2023-11-09T21:27:14.991+0000] {taskinstance.py:1083} INFO - Dependencies all met for <TaskInstance: early_sepsis_prediction.preprocess_train_data manual__2023-11-09T21:27:09.803276+00:00 [queued]>
[2023-11-09T21:27:14.991+0000] {taskinstance.py:1279} INFO - 
--------------------------------------------------------------------------------
[2023-11-09T21:27:14.992+0000] {taskinstance.py:1280} INFO - Starting attempt 1 of 1
[2023-11-09T21:27:14.992+0000] {taskinstance.py:1281} INFO - 
--------------------------------------------------------------------------------
[2023-11-09T21:27:15.003+0000] {taskinstance.py:1300} INFO - Executing <Task(PythonOperator): preprocess_train_data> on 2023-11-09 21:27:09.803276+00:00
[2023-11-09T21:27:15.009+0000] {standard_task_runner.py:55} INFO - Started process 482 to run task
[2023-11-09T21:27:15.014+0000] {standard_task_runner.py:82} INFO - Running: ['***', 'tasks', 'run', 'early_sepsis_prediction', 'preprocess_train_data', 'manual__2023-11-09T21:27:09.803276+00:00', '--job-id', '246', '--raw', '--subdir', 'DAGS_FOLDER/***.py', '--cfg-path', '/tmp/tmpj9_clta4']
[2023-11-09T21:27:15.017+0000] {standard_task_runner.py:83} INFO - Job 246: Subtask preprocess_train_data
[2023-11-09T21:27:15.092+0000] {task_command.py:388} INFO - Running <TaskInstance: early_sepsis_prediction.preprocess_train_data manual__2023-11-09T21:27:09.803276+00:00 [running]> on host 911414a99fc3
[2023-11-09T21:27:15.166+0000] {taskinstance.py:1509} INFO - Exporting the following env vars:
AIRFLOW_CTX_DAG_OWNER=your_name
AIRFLOW_CTX_DAG_ID=early_sepsis_prediction
AIRFLOW_CTX_TASK_ID=preprocess_train_data
AIRFLOW_CTX_EXECUTION_DATE=2023-11-09T21:27:09.803276+00:00
AIRFLOW_CTX_TRY_NUMBER=1
AIRFLOW_CTX_DAG_RUN_ID=manual__2023-11-09T21:27:09.803276+00:00
[2023-11-09T21:27:15.295+0000] {python.py:177} INFO - Done. Returned value was: None
[2023-11-09T21:27:15.308+0000] {taskinstance.py:1323} INFO - Marking task as SUCCESS. dag_id=early_sepsis_prediction, task_id=preprocess_train_data, execution_date=20231109T212709, start_date=20231109T212714, end_date=20231109T212715
[2023-11-09T21:27:15.346+0000] {local_task_job.py:208} INFO - Task exited with return code 0
[2023-11-09T21:27:15.373+0000] {taskinstance.py:2578} INFO - 1 downstream tasks scheduled from follow-on schedule check
