[2023-11-11T03:20:02.889+0000] {taskinstance.py:1083} INFO - Dependencies all met for <TaskInstance: early_sepsis_prediction.feature_engineering manual__2023-11-11T03:15:26.352498+00:00 [queued]>
[2023-11-11T03:20:02.908+0000] {taskinstance.py:1083} INFO - Dependencies all met for <TaskInstance: early_sepsis_prediction.feature_engineering manual__2023-11-11T03:15:26.352498+00:00 [queued]>
[2023-11-11T03:20:02.909+0000] {taskinstance.py:1279} INFO - 
--------------------------------------------------------------------------------
[2023-11-11T03:20:02.910+0000] {taskinstance.py:1280} INFO - Starting attempt 1 of 1
[2023-11-11T03:20:02.911+0000] {taskinstance.py:1281} INFO - 
--------------------------------------------------------------------------------
[2023-11-11T03:20:02.946+0000] {taskinstance.py:1300} INFO - Executing <Task(PythonOperator): feature_engineering> on 2023-11-11 03:15:26.352498+00:00
[2023-11-11T03:20:02.979+0000] {standard_task_runner.py:55} INFO - Started process 7900 to run task
[2023-11-11T03:20:02.996+0000] {standard_task_runner.py:82} INFO - Running: ['***', 'tasks', 'run', 'early_sepsis_prediction', 'feature_engineering', 'manual__2023-11-11T03:15:26.352498+00:00', '--job-id', '343', '--raw', '--subdir', 'DAGS_FOLDER/***.py', '--cfg-path', '/tmp/tmpsnmcbh4f']
[2023-11-11T03:20:03.003+0000] {standard_task_runner.py:83} INFO - Job 343: Subtask feature_engineering
[2023-11-11T03:20:03.261+0000] {task_command.py:388} INFO - Running <TaskInstance: early_sepsis_prediction.feature_engineering manual__2023-11-11T03:15:26.352498+00:00 [running]> on host 2f30e812c633
[2023-11-11T03:20:03.513+0000] {taskinstance.py:1509} INFO - Exporting the following env vars:
AIRFLOW_CTX_DAG_OWNER=Pavs
AIRFLOW_CTX_DAG_ID=early_sepsis_prediction
AIRFLOW_CTX_TASK_ID=feature_engineering
AIRFLOW_CTX_EXECUTION_DATE=2023-11-11T03:15:26.352498+00:00
AIRFLOW_CTX_TRY_NUMBER=1
AIRFLOW_CTX_DAG_RUN_ID=manual__2023-11-11T03:15:26.352498+00:00
[2023-11-11T03:20:40.278+0000] {python.py:177} INFO - Done. Returned value was: None
[2023-11-11T03:20:40.362+0000] {taskinstance.py:1323} INFO - Marking task as SUCCESS. dag_id=early_sepsis_prediction, task_id=feature_engineering, execution_date=20231111T031526, start_date=20231111T032002, end_date=20231111T032040
[2023-11-11T03:20:41.036+0000] {local_task_job.py:208} INFO - Task exited with return code 0
[2023-11-11T03:20:41.144+0000] {taskinstance.py:2578} INFO - 0 downstream tasks scheduled from follow-on schedule check
