[2023-11-10T02:25:06.760+0000] {taskinstance.py:1083} INFO - Dependencies all met for <TaskInstance: early_sepsis_prediction.preprocess_mean_input_norm manual__2023-11-10T02:24:56.112825+00:00 [queued]>
[2023-11-10T02:25:06.781+0000] {taskinstance.py:1083} INFO - Dependencies all met for <TaskInstance: early_sepsis_prediction.preprocess_mean_input_norm manual__2023-11-10T02:24:56.112825+00:00 [queued]>
[2023-11-10T02:25:06.782+0000] {taskinstance.py:1279} INFO - 
--------------------------------------------------------------------------------
[2023-11-10T02:25:06.783+0000] {taskinstance.py:1280} INFO - Starting attempt 1 of 1
[2023-11-10T02:25:06.784+0000] {taskinstance.py:1281} INFO - 
--------------------------------------------------------------------------------
[2023-11-10T02:25:06.809+0000] {taskinstance.py:1300} INFO - Executing <Task(PythonOperator): preprocess_mean_input_norm> on 2023-11-10 02:24:56.112825+00:00
[2023-11-10T02:25:06.819+0000] {standard_task_runner.py:55} INFO - Started process 3969 to run task
[2023-11-10T02:25:06.828+0000] {standard_task_runner.py:82} INFO - Running: ['***', 'tasks', 'run', 'early_sepsis_prediction', 'preprocess_mean_input_norm', 'manual__2023-11-10T02:24:56.112825+00:00', '--job-id', '301', '--raw', '--subdir', 'DAGS_FOLDER/***.py', '--cfg-path', '/tmp/tmpsiuqeid_']
[2023-11-10T02:25:06.832+0000] {standard_task_runner.py:83} INFO - Job 301: Subtask preprocess_mean_input_norm
[2023-11-10T02:25:06.991+0000] {task_command.py:388} INFO - Running <TaskInstance: early_sepsis_prediction.preprocess_mean_input_norm manual__2023-11-10T02:24:56.112825+00:00 [running]> on host 911414a99fc3
[2023-11-10T02:25:07.143+0000] {taskinstance.py:1509} INFO - Exporting the following env vars:
AIRFLOW_CTX_DAG_OWNER=Pavs
AIRFLOW_CTX_DAG_ID=early_sepsis_prediction
AIRFLOW_CTX_TASK_ID=preprocess_mean_input_norm
AIRFLOW_CTX_EXECUTION_DATE=2023-11-10T02:24:56.112825+00:00
AIRFLOW_CTX_TRY_NUMBER=1
AIRFLOW_CTX_DAG_RUN_ID=manual__2023-11-10T02:24:56.112825+00:00
[2023-11-10T02:25:07.321+0000] {warnings.py:110} WARNING - /home/***/.local/lib/python3.7/site-packages/sklearn/preprocessing/_data.py:461: RuntimeWarning: All-NaN slice encountered
  data_min = np.nanmin(X, axis=0)

[2023-11-10T02:25:07.324+0000] {warnings.py:110} WARNING - /home/***/.local/lib/python3.7/site-packages/sklearn/preprocessing/_data.py:462: RuntimeWarning: All-NaN slice encountered
  data_max = np.nanmax(X, axis=0)

[2023-11-10T02:25:07.470+0000] {python.py:177} INFO - Done. Returned value was: None
[2023-11-10T02:25:07.494+0000] {taskinstance.py:1323} INFO - Marking task as SUCCESS. dag_id=early_sepsis_prediction, task_id=preprocess_mean_input_norm, execution_date=20231110T022456, start_date=20231110T022506, end_date=20231110T022507
[2023-11-10T02:25:07.561+0000] {local_task_job.py:208} INFO - Task exited with return code 0
[2023-11-10T02:25:07.593+0000] {taskinstance.py:2578} INFO - 0 downstream tasks scheduled from follow-on schedule check
