[2023-11-11T03:20:48.942+0000] {taskinstance.py:1083} INFO - Dependencies all met for <TaskInstance: early_sepsis_prediction.preprocess_mean_input_norm manual__2023-11-11T03:15:26.352498+00:00 [queued]>
[2023-11-11T03:20:49.017+0000] {taskinstance.py:1083} INFO - Dependencies all met for <TaskInstance: early_sepsis_prediction.preprocess_mean_input_norm manual__2023-11-11T03:15:26.352498+00:00 [queued]>
[2023-11-11T03:20:49.020+0000] {taskinstance.py:1279} INFO - 
--------------------------------------------------------------------------------
[2023-11-11T03:20:49.021+0000] {taskinstance.py:1280} INFO - Starting attempt 1 of 1
[2023-11-11T03:20:49.023+0000] {taskinstance.py:1281} INFO - 
--------------------------------------------------------------------------------
[2023-11-11T03:20:49.115+0000] {taskinstance.py:1300} INFO - Executing <Task(PythonOperator): preprocess_mean_input_norm> on 2023-11-11 03:15:26.352498+00:00
[2023-11-11T03:20:49.184+0000] {standard_task_runner.py:55} INFO - Started process 7937 to run task
[2023-11-11T03:20:49.219+0000] {standard_task_runner.py:82} INFO - Running: ['***', 'tasks', 'run', 'early_sepsis_prediction', 'preprocess_mean_input_norm', 'manual__2023-11-11T03:15:26.352498+00:00', '--job-id', '344', '--raw', '--subdir', 'DAGS_FOLDER/***.py', '--cfg-path', '/tmp/tmpj_rgv2jy']
[2023-11-11T03:20:49.237+0000] {standard_task_runner.py:83} INFO - Job 344: Subtask preprocess_mean_input_norm
[2023-11-11T03:20:49.821+0000] {task_command.py:388} INFO - Running <TaskInstance: early_sepsis_prediction.preprocess_mean_input_norm manual__2023-11-11T03:15:26.352498+00:00 [running]> on host 2f30e812c633
[2023-11-11T03:20:50.531+0000] {taskinstance.py:1509} INFO - Exporting the following env vars:
AIRFLOW_CTX_DAG_OWNER=Pavs
AIRFLOW_CTX_DAG_ID=early_sepsis_prediction
AIRFLOW_CTX_TASK_ID=preprocess_mean_input_norm
AIRFLOW_CTX_EXECUTION_DATE=2023-11-11T03:15:26.352498+00:00
AIRFLOW_CTX_TRY_NUMBER=1
AIRFLOW_CTX_DAG_RUN_ID=manual__2023-11-11T03:15:26.352498+00:00
[2023-11-11T03:21:04.706+0000] {warnings.py:110} WARNING - /home/***/.local/lib/python3.7/site-packages/sklearn/preprocessing/_data.py:461: RuntimeWarning: All-NaN slice encountered
  data_min = np.nanmin(X, axis=0)

[2023-11-11T03:21:04.809+0000] {warnings.py:110} WARNING - /home/***/.local/lib/python3.7/site-packages/sklearn/preprocessing/_data.py:462: RuntimeWarning: All-NaN slice encountered
  data_max = np.nanmax(X, axis=0)

[2023-11-11T03:23:18.571+0000] {python.py:177} INFO - Done. Returned value was: None
[2023-11-11T03:23:18.603+0000] {taskinstance.py:1323} INFO - Marking task as SUCCESS. dag_id=early_sepsis_prediction, task_id=preprocess_mean_input_norm, execution_date=20231111T031526, start_date=20231111T032048, end_date=20231111T032318
[2023-11-11T03:23:18.868+0000] {local_task_job.py:208} INFO - Task exited with return code 0
[2023-11-11T03:23:18.921+0000] {taskinstance.py:2578} INFO - 0 downstream tasks scheduled from follow-on schedule check
